0 info it worked if it ends with ok
1 verbose cli [ '/Users/matthewbush/.nvm/versions/node/v6.9.2/bin/node',
1 verbose cli   '/Users/matthewbush/.nvm/versions/node/v6.9.2/bin/npm',
1 verbose cli   'run',
1 verbose cli   'run' ]
2 info using npm@4.0.5
3 info using node@v6.9.2
4 verbose run-script [ 'prerun', 'run', 'postrun' ]
5 info lifecycle robotiq-node@1.0.0~prerun: robotiq-node@1.0.0
6 silly lifecycle robotiq-node@1.0.0~prerun: no script for prerun, continuing
7 info lifecycle robotiq-node@1.0.0~run: robotiq-node@1.0.0
8 verbose lifecycle robotiq-node@1.0.0~run: unsafe-perm in lifecycle true
9 verbose lifecycle robotiq-node@1.0.0~run: PATH: /Users/matthewbush/.nvm/versions/node/v6.9.2/lib/node_modules/npm/bin/node-gyp-bin:/Users/matthewbush/hirebotics/robotiq-node/node_modules/.bin:/Users/matthewbush/.nvm/versions/node/v6.9.2/bin:/usr/local/bin:/usr/bin:/bin:/usr/sbin:/sbin:./node_modules/.bin/:/usr/local/bin
10 verbose lifecycle robotiq-node@1.0.0~run: CWD: /Users/matthewbush/hirebotics/robotiq-node
11 silly lifecycle robotiq-node@1.0.0~run: Args: [ '-c', 'babel ./src --out-dir ./lib | node ./lib/gripper.js' ]
12 silly lifecycle robotiq-node@1.0.0~run: Returned: code: 1  signal: null
13 info lifecycle robotiq-node@1.0.0~run: Failed to exec run script
14 verbose stack Error: robotiq-node@1.0.0 run: `babel ./src --out-dir ./lib | node ./lib/gripper.js`
14 verbose stack Exit status 1
14 verbose stack     at EventEmitter.<anonymous> (/Users/matthewbush/.nvm/versions/node/v6.9.2/lib/node_modules/npm/lib/utils/lifecycle.js:279:16)
14 verbose stack     at emitTwo (events.js:106:13)
14 verbose stack     at EventEmitter.emit (events.js:191:7)
14 verbose stack     at ChildProcess.<anonymous> (/Users/matthewbush/.nvm/versions/node/v6.9.2/lib/node_modules/npm/lib/utils/spawn.js:40:14)
14 verbose stack     at emitTwo (events.js:106:13)
14 verbose stack     at ChildProcess.emit (events.js:191:7)
14 verbose stack     at maybeClose (internal/child_process.js:877:16)
14 verbose stack     at Process.ChildProcess._handle.onexit (internal/child_process.js:226:5)
15 verbose pkgid robotiq-node@1.0.0
16 verbose cwd /Users/matthewbush/hirebotics/robotiq-node
17 error Darwin 16.3.0
18 error argv "/Users/matthewbush/.nvm/versions/node/v6.9.2/bin/node" "/Users/matthewbush/.nvm/versions/node/v6.9.2/bin/npm" "run" "run"
19 error node v6.9.2
20 error npm  v4.0.5
21 error code ELIFECYCLE
22 error robotiq-node@1.0.0 run: `babel ./src --out-dir ./lib | node ./lib/gripper.js`
22 error Exit status 1
23 error Failed at the robotiq-node@1.0.0 run script 'babel ./src --out-dir ./lib | node ./lib/gripper.js'.
23 error Make sure you have the latest version of node.js and npm installed.
23 error If you do, this is most likely a problem with the robotiq-node package,
23 error not with npm itself.
23 error Tell the author that this fails on your system:
23 error     babel ./src --out-dir ./lib | node ./lib/gripper.js
23 error You can get information on how to open an issue for this project with:
23 error     npm bugs robotiq-node
23 error Or if that isn't available, you can get their info via:
23 error     npm owner ls robotiq-node
23 error There is likely additional logging output above.
24 verbose exit [ 1, true ]
